--- Startup times for process: Primary/TUI ---

times in msec
 clock   self+sourced   self:  sourced script
 clock   elapsed:              other lines

000.000  000.000: --- NVIM STARTING ---
000.151  000.150: event init
000.228  000.077: early init
000.272  000.045: locale set
000.308  000.036: init first window
000.505  000.196: inits 1
000.509  000.004: window checked
000.550  000.041: parsing arguments
000.884  000.022  000.022: require('vim.shared')
000.939  000.029  000.029: require('vim.inspect')
000.974  000.026  000.026: require('vim._options')
000.975  000.088  000.034: require('vim._editor')
000.975  000.143  000.033: require('vim._init_packages')
000.977  000.284: init lua interpreter
001.500  000.523: --- NVIM STARTED ---

--- Startup times for process: Embedded ---

times in msec
 clock   self+sourced   self:  sourced script
 clock   elapsed:              other lines

000.000  000.000: --- NVIM STARTING ---
000.120  000.120: event init
000.169  000.049: early init
000.196  000.027: locale set
000.224  000.027: init first window
000.382  000.158: inits 1
000.390  000.008: window checked
000.419  000.029: parsing arguments
000.709  000.022  000.022: require('vim.shared')
000.765  000.027  000.027: require('vim.inspect')
000.799  000.026  000.026: require('vim._options')
000.800  000.088  000.035: require('vim._editor')
000.801  000.127  000.017: require('vim._init_packages')
000.802  000.256: init lua interpreter
000.868  000.066: expanding arguments
000.881  000.013: inits 2
001.063  000.182: init highlight
001.063  000.001: waiting for UI
001.162  000.099: done waiting for UI
001.171  000.008: clear screen
001.211  000.006  000.006: require('vim.keymap')
001.513  000.341  000.335: require('vim._defaults')
001.515  000.003: init default mappings & autocommands
001.781  000.030  000.030: sourcing /usr/share/nvim/runtime/ftplugin.vim
001.824  000.018  000.018: sourcing /usr/share/nvim/runtime/indent.vim
001.867  000.016  000.016: sourcing $VIM/sysinit.vim
002.338  000.210  000.210: require('myconfig.core.set')
002.491  000.152  000.152: require('myconfig.core.remap')
002.493  000.586  000.225: require('myconfig.core')
002.573  000.079  000.079: require('myconfig.lazy')
002.574  000.686  000.021: sourcing /home/qslacker/.config/nvim/init.lua
002.579  000.314: sourcing vimrc file(s)
002.699  000.094  000.094: sourcing /usr/share/nvim/runtime/filetype.lua
002.812  000.045  000.045: sourcing /usr/share/nvim/runtime/syntax/synload.vim
002.901  000.169  000.124: sourcing /usr/share/nvim/runtime/syntax/syntax.vim
003.324  000.098  000.098: sourcing /usr/share/nvim/runtime/plugin/gzip.vim
003.694  000.118  000.118: sourcing /usr/share/nvim/runtime/pack/dist/opt/matchit/plugin/matchit.vim
003.727  000.386  000.268: sourcing /usr/share/nvim/runtime/plugin/matchit.vim
003.821  000.079  000.079: sourcing /usr/share/nvim/runtime/plugin/matchparen.vim
004.024  000.185  000.185: sourcing /usr/share/nvim/runtime/plugin/netrwPlugin.vim
004.155  000.094  000.094: sourcing /usr/share/nvim/runtime/plugin/rplugin.vim
004.218  000.035  000.035: sourcing /usr/share/nvim/runtime/plugin/shada.vim
004.251  000.011  000.011: sourcing /usr/share/nvim/runtime/plugin/spellfile.vim
004.322  000.052  000.052: sourcing /usr/share/nvim/runtime/plugin/tarPlugin.vim
004.357  000.010  000.010: sourcing /usr/share/nvim/runtime/plugin/tutor.vim
004.455  000.081  000.081: sourcing /usr/share/nvim/runtime/plugin/zipPlugin.vim
004.514  000.033  000.033: sourcing /usr/share/nvim/runtime/plugin/editorconfig.lua
004.605  000.059  000.059: sourcing /usr/share/nvim/runtime/plugin/man.lua
004.684  000.057  000.057: sourcing /usr/share/nvim/runtime/plugin/osc52.lua
004.730  000.027  000.027: sourcing /usr/share/nvim/runtime/plugin/tohtml.lua
004.767  000.717: loading rtp plugins
004.846  000.079: loading packages
005.040  000.194: loading after plugins
005.042  000.001: inits 3
005.991  000.949: reading ShaDa
006.074  000.083: opening buffers
006.087  000.014: BufEnter autocommands
006.088  000.001: editing files in windows
009.868  003.703  003.703: sourcing /usr/share/nvim/runtime/autoload/netrw.vim
010.099  000.019  000.019: sourcing /home/qslacker/.local/share/nvim/.netrwhist
011.860  000.727  000.727: require('vim.filetype')
013.100  000.682  000.682: require('vim.filetype.detect')
015.033  000.259  000.259: sourcing /usr/share/nvim/runtime/syntax/netrw.vim
016.295  000.163  000.163: sourcing /usr/share/nvim/runtime/syntax/netrw.vim
019.565  000.166  000.166: sourcing /usr/share/nvim/runtime/syntax/netrw.vim
019.671  007.863: VimEnter autocommands
019.672  000.002: UIEnter autocommands
019.673  000.001: before starting main loop
020.366  000.692: first screen update
020.367  000.001: --- NVIM STARTED ---

--- Startup times for process: Primary/TUI ---

times in msec
 clock   self+sourced   self:  sourced script
 clock   elapsed:              other lines

000.000  000.000: --- NVIM STARTING ---
000.155  000.155: event init
000.231  000.075: early init
000.269  000.038: locale set
000.304  000.035: init first window
000.515  000.211: inits 1
000.520  000.004: window checked
000.565  000.046: parsing arguments
000.889  000.025  000.025: require('vim.shared')
000.944  000.028  000.028: require('vim.inspect')
000.978  000.025  000.025: require('vim._options')
000.979  000.088  000.034: require('vim._editor')
000.980  000.146  000.034: require('vim._init_packages')
000.981  000.270: init lua interpreter
001.462  000.481: --- NVIM STARTED ---

--- Startup times for process: Embedded ---

times in msec
 clock   self+sourced   self:  sourced script
 clock   elapsed:              other lines

000.000  000.000: --- NVIM STARTING ---
000.140  000.140: event init
000.189  000.049: early init
000.218  000.028: locale set
000.244  000.027: init first window
000.398  000.153: inits 1
000.406  000.008: window checked
000.438  000.032: parsing arguments
000.738  000.022  000.022: require('vim.shared')
000.792  000.027  000.027: require('vim.inspect')
000.826  000.025  000.025: require('vim._options')
000.826  000.085  000.033: require('vim._editor')
000.827  000.138  000.030: require('vim._init_packages')
000.828  000.252: init lua interpreter
000.895  000.067: expanding arguments
000.908  000.013: inits 2
001.096  000.189: init highlight
001.098  000.002: waiting for UI
001.226  000.128: done waiting for UI
001.234  000.008: clear screen
001.277  000.005  000.005: require('vim.keymap')
001.692  000.457  000.452: require('vim._defaults')
001.694  000.003: init default mappings & autocommands
001.959  000.030  000.030: sourcing /usr/share/nvim/runtime/ftplugin.vim
002.002  000.018  000.018: sourcing /usr/share/nvim/runtime/indent.vim
002.044  000.016  000.016: sourcing $VIM/sysinit.vim
002.531  000.227  000.227: require('myconfig.core.set')
002.742  000.209  000.209: require('myconfig.core.remap')
002.743  000.661  000.225: require('myconfig.core')
002.821  000.077  000.077: require('myconfig.lazy')
002.823  000.752  000.015: sourcing /home/qslacker/.config/nvim/init.lua
002.827  000.317: sourcing vimrc file(s)
002.951  000.098  000.098: sourcing /usr/share/nvim/runtime/filetype.lua
003.070  000.050  000.050: sourcing /usr/share/nvim/runtime/syntax/synload.vim
003.153  000.169  000.119: sourcing /usr/share/nvim/runtime/syntax/syntax.vim
003.571  000.101  000.101: sourcing /usr/share/nvim/runtime/plugin/gzip.vim
003.930  000.113  000.113: sourcing /usr/share/nvim/runtime/pack/dist/opt/matchit/plugin/matchit.vim
003.963  000.375  000.262: sourcing /usr/share/nvim/runtime/plugin/matchit.vim
004.061  000.084  000.084: sourcing /usr/share/nvim/runtime/plugin/matchparen.vim
004.258  000.179  000.179: sourcing /usr/share/nvim/runtime/plugin/netrwPlugin.vim
004.390  000.095  000.095: sourcing /usr/share/nvim/runtime/plugin/rplugin.vim
004.448  000.036  000.036: sourcing /usr/share/nvim/runtime/plugin/shada.vim
004.480  000.011  000.011: sourcing /usr/share/nvim/runtime/plugin/spellfile.vim
004.551  000.052  000.052: sourcing /usr/share/nvim/runtime/plugin/tarPlugin.vim
004.586  000.010  000.010: sourcing /usr/share/nvim/runtime/plugin/tutor.vim
004.685  000.082  000.082: sourcing /usr/share/nvim/runtime/plugin/zipPlugin.vim
004.738  000.028  000.028: sourcing /usr/share/nvim/runtime/plugin/editorconfig.lua
004.808  000.038  000.038: sourcing /usr/share/nvim/runtime/plugin/man.lua
004.859  000.030  000.030: sourcing /usr/share/nvim/runtime/plugin/osc52.lua
004.900  000.022  000.022: sourcing /usr/share/nvim/runtime/plugin/tohtml.lua
004.936  000.700: loading rtp plugins
005.014  000.078: loading packages
005.234  000.220: loading after plugins
005.235  000.002: inits 3
006.202  000.966: reading ShaDa
006.280  000.079: opening buffers
006.294  000.013: BufEnter autocommands
006.295  000.001: editing files in windows
010.051  003.683  003.683: sourcing /usr/share/nvim/runtime/autoload/netrw.vim
010.292  000.019  000.019: sourcing /home/qslacker/.local/share/nvim/.netrwhist
012.005  000.707  000.707: require('vim.filetype')
013.291  000.675  000.675: require('vim.filetype.detect')
015.148  000.204  000.204: sourcing /usr/share/nvim/runtime/syntax/netrw.vim
016.415  000.164  000.164: sourcing /usr/share/nvim/runtime/syntax/netrw.vim
019.695  000.167  000.167: sourcing /usr/share/nvim/runtime/syntax/netrw.vim
019.801  007.887: VimEnter autocommands
019.802  000.002: UIEnter autocommands
019.803  000.001: before starting main loop
020.499  000.696: first screen update
020.500  000.001: --- NVIM STARTED ---

